#
# There is insufficient memory for the Java Runtime Environment to continue.
# Native memory allocation (malloc) failed to allocate 1155856 bytes for Chunk::new
# Possible reasons:
#   The system is out of physical RAM or swap space
#   The process is running with CompressedOops enabled, and the Java Heap may be blocking the growth of the native heap
# Possible solutions:
#   Reduce memory load on the system
#   Increase physical memory or swap space
#   Check if swap backing store is full
#   Decrease Java heap size (-Xmx/-Xms)
#   Decrease number of Java threads
#   Decrease Java thread stack sizes (-Xss)
#   Set larger code cache with -XX:ReservedCodeCacheSize=
#   JVM is running with Unscaled Compressed Oops mode in which the Java heap is
#     placed in the first 4GB address space. The Java Heap base address is the
#     maximum limit for the native heap growth. Please use -XX:HeapBaseMinAddress
#     to set the Java Heap base and to place the Java Heap above 4GB virtual address.
# This output file may be truncated or incomplete.
#
#  Out of Memory Error (arena.cpp:189), pid=13752, tid=17000
#
# JRE version: OpenJDK Runtime Environment (17.0.1+12) (build 17.0.1+12-39)
# Java VM: OpenJDK 64-Bit Server VM (17.0.1+12-39, mixed mode, sharing, tiered, compressed oops, compressed class ptrs, g1 gc, windows-amd64)
# No core dump will be written. Minidumps are not enabled by default on client versions of Windows
#

---------------  S U M M A R Y ------------

Command Line: -javaagent:C:\IntelliJ IDEA Community Edition 2021.2.2\lib\idea_rt.jar=63950:C:\IntelliJ IDEA Community Edition 2021.2.2\bin -Dfile.encoding=UTF-8 com.Promise.all.BCS.Application

Host: Intel(R) Core(TM) i3-1005G1 CPU @ 1.20GHz, 4 cores, 7G,  Windows 10 , 64 bit Build 22000 (10.0.22000.318)
Time: Wed Jan 12 13:40:17 2022 Eastern Standard Time elapsed time: 964.067502 seconds (0d 0h 16m 4s)

---------------  T H R E A D  ---------------

Current thread (0x0000021fa6338f60):  JavaThread "C2 CompilerThread0" daemon [_thread_in_native, id=17000, stack(0x000000ff37300000,0x000000ff37400000)]


Current CompileTask:
C2: 964067 9704   !   4       org.springframework.web.servlet.mvc.method.annotation.AbstractMessageConverterMethodProcessor::writeWithMessageConverters (1086 bytes)

Stack: [0x000000ff37300000,0x000000ff37400000]
Native frames: (J=compiled Java code, j=interpreted, Vv=VM code, C=native code)
V  [jvm.dll+0x66fa1a]
V  [jvm.dll+0x7ce5a4]
V  [jvm.dll+0x7cfd4e]
V  [jvm.dll+0x7d03b3]
V  [jvm.dll+0x242b05]
V  [jvm.dll+0xaa05b]
V  [jvm.dll+0xaa5ec]
V  [jvm.dll+0x2a953f]
V  [jvm.dll+0x5785a9]
V  [jvm.dll+0x21dd7d]
V  [jvm.dll+0x2175a1]
V  [jvm.dll+0x214f05]
V  [jvm.dll+0x1a168d]
V  [jvm.dll+0x224848]
V  [jvm.dll+0x2229ac]
V  [jvm.dll+0x78435b]
V  [jvm.dll+0x77e91a]
V  [jvm.dll+0x66e845]
C  [ucrtbase.dll+0x26c0c]
C  [KERNEL32.DLL+0x154e0]
C  [ntdll.dll+0x485b]


---------------  P R O C E S S  ---------------

Threads class SMR info:
_java_thread_list=0x0000021fa8982610, length=33, elements={
0x0000021fa631ca60, 0x0000021fa631d410, 0x0000021fa63330a0, 0x0000021fa6335e60,
0x0000021fa6336810, 0x0000021fa63381d0, 0x0000021fa6338f60, 0x0000021fa6342a20,
0x0000021fa6346910, 0x0000021fa6307440, 0x0000021fa70f2330, 0x0000021fa70f56c0,
0x0000021fa82d8fd0, 0x0000021fa9c38980, 0x0000021fa9c38e50, 0x0000021fa9c37fe0,
0x0000021fa9c3b4d0, 0x0000021fa9c397f0, 0x0000021fa9c39cc0, 0x0000021fa9c384b0,
0x0000021fa9c3a190, 0x0000021fa9c3a660, 0x0000021fa9c3b000, 0x0000021fa9c3ab30,
0x0000021fab52c560, 0x0000021fab52cf00, 0x0000021fab529540, 0x0000021fab52ca30,
0x0000021fab529a10, 0x0000021fab52a880, 0x0000021fab529ee0, 0x0000021fab52b220,
0x0000021fa730f380
}

Java Threads: ( => current thread )
  0x0000021fa631ca60 JavaThread "Reference Handler" daemon [_thread_blocked, id=13956, stack(0x000000ff36d00000,0x000000ff36e00000)]
  0x0000021fa631d410 JavaThread "Finalizer" daemon [_thread_blocked, id=15496, stack(0x000000ff36e00000,0x000000ff36f00000)]
  0x0000021fa63330a0 JavaThread "Signal Dispatcher" daemon [_thread_blocked, id=2836, stack(0x000000ff36f00000,0x000000ff37000000)]
  0x0000021fa6335e60 JavaThread "Attach Listener" daemon [_thread_blocked, id=16544, stack(0x000000ff37000000,0x000000ff37100000)]
  0x0000021fa6336810 JavaThread "Service Thread" daemon [_thread_blocked, id=556, stack(0x000000ff37100000,0x000000ff37200000)]
  0x0000021fa63381d0 JavaThread "Monitor Deflation Thread" daemon [_thread_blocked, id=17336, stack(0x000000ff37200000,0x000000ff37300000)]
=>0x0000021fa6338f60 JavaThread "C2 CompilerThread0" daemon [_thread_in_native, id=17000, stack(0x000000ff37300000,0x000000ff37400000)]
  0x0000021fa6342a20 JavaThread "C1 CompilerThread0" daemon [_thread_blocked, id=15756, stack(0x000000ff37400000,0x000000ff37500000)]
  0x0000021fa6346910 JavaThread "Sweeper thread" daemon [_thread_blocked, id=12436, stack(0x000000ff37500000,0x000000ff37600000)]
  0x0000021fa6307440 JavaThread "Common-Cleaner" daemon [_thread_blocked, id=14032, stack(0x000000ff37600000,0x000000ff37700000)]
  0x0000021fa70f2330 JavaThread "Monitor Ctrl-Break" daemon [_thread_in_native, id=15904, stack(0x000000ff37700000,0x000000ff37800000)]
  0x0000021fa70f56c0 JavaThread "Notification Thread" daemon [_thread_blocked, id=15752, stack(0x000000ff37800000,0x000000ff37900000)]
  0x0000021fa82d8fd0 JavaThread "Catalina-utility-1" [_thread_blocked, id=15260, stack(0x000000ff38200000,0x000000ff38300000)]
  0x0000021fa9c38980 JavaThread "Catalina-utility-2" [_thread_blocked, id=16280, stack(0x000000ff38300000,0x000000ff38400000)]
  0x0000021fa9c38e50 JavaThread "container-0" [_thread_blocked, id=16152, stack(0x000000ff38400000,0x000000ff38500000)]
  0x0000021fa9c37fe0 JavaThread "mysql-cj-abandoned-connection-cleanup" daemon [_thread_blocked, id=16892, stack(0x000000ff38500000,0x000000ff38600000)]
  0x0000021fa9c3b4d0 JavaThread "HikariPool-1 housekeeper" daemon [_thread_blocked, id=15408, stack(0x000000ff38600000,0x000000ff38700000)]
  0x0000021fa9c397f0 JavaThread "File Watcher" daemon [_thread_blocked, id=1668, stack(0x000000ff38900000,0x000000ff38a00000)]
  0x0000021fa9c39cc0 JavaThread "Live Reload Server" daemon [_thread_in_native, id=15228, stack(0x000000ff38b00000,0x000000ff38c00000)]
  0x0000021fa9c384b0 JavaThread "http-nio-8080-Poller" daemon [_thread_in_native, id=3960, stack(0x000000ff38a00000,0x000000ff38b00000)]
  0x0000021fa9c3a190 JavaThread "http-nio-8080-Acceptor" daemon [_thread_in_native, id=1940, stack(0x000000ff38c00000,0x000000ff38d00000)]
  0x0000021fa9c3a660 JavaThread "DestroyJavaVM" [_thread_blocked, id=15060, stack(0x000000ff36600000,0x000000ff36700000)]
  0x0000021fa9c3b000 JavaThread "http-nio-8080-exec-1" daemon [_thread_blocked, id=16576, stack(0x000000ff36300000,0x000000ff36400000)]
  0x0000021fa9c3ab30 JavaThread "http-nio-8080-exec-2" daemon [_thread_blocked, id=14140, stack(0x000000ff36400000,0x000000ff36500000)]
  0x0000021fab52c560 JavaThread "http-nio-8080-exec-3" daemon [_thread_blocked, id=13352, stack(0x000000ff36500000,0x000000ff36600000)]
  0x0000021fab52cf00 JavaThread "http-nio-8080-exec-4" daemon [_thread_blocked, id=16924, stack(0x000000ff38800000,0x000000ff38900000)]
  0x0000021fab529540 JavaThread "http-nio-8080-exec-5" daemon [_thread_blocked, id=17012, stack(0x000000ff38d00000,0x000000ff38e00000)]
  0x0000021fab52ca30 JavaThread "http-nio-8080-exec-6" daemon [_thread_blocked, id=3648, stack(0x000000ff38e00000,0x000000ff38f00000)]
  0x0000021fab529a10 JavaThread "http-nio-8080-exec-7" daemon [_thread_blocked, id=17164, stack(0x000000ff39000000,0x000000ff39100000)]
  0x0000021fab52a880 JavaThread "http-nio-8080-exec-8" daemon [_thread_blocked, id=14156, stack(0x000000ff39100000,0x000000ff39200000)]
  0x0000021fab529ee0 JavaThread "http-nio-8080-exec-9" daemon [_thread_blocked, id=15800, stack(0x000000ff39200000,0x000000ff39300000)]
  0x0000021fab52b220 JavaThread "http-nio-8080-exec-10" daemon [_thread_blocked, id=16652, stack(0x000000ff39300000,0x000000ff39400000)]
  0x0000021fa730f380 JavaThread "HikariPool-1 connection adder" daemon [_thread_blocked, id=16404, stack(0x000000ff37f00000,0x000000ff38000000)]

Other Threads:
  0x0000021fa631aad0 VMThread "VM Thread" [stack: 0x000000ff36c00000,0x000000ff36d00000] [id=3768]
  0x0000021fa715a080 WatcherThread [stack: 0x000000ff37900000,0x000000ff37a00000] [id=12212]
  0x0000021f88ce5690 GCTaskThread "GC Thread#0" [stack: 0x000000ff36700000,0x000000ff36800000] [id=13376]
  0x0000021fa738dd90 GCTaskThread "GC Thread#1" [stack: 0x000000ff37b00000,0x000000ff37c00000] [id=10108]
  0x0000021fa738e040 GCTaskThread "GC Thread#2" [stack: 0x000000ff37c00000,0x000000ff37d00000] [id=15956]
  0x0000021fa744ca40 GCTaskThread "GC Thread#3" [stack: 0x000000ff37d00000,0x000000ff37e00000] [id=12048]
  0x0000021f88cf5e90 ConcurrentGCThread "G1 Main Marker" [stack: 0x000000ff36800000,0x000000ff36900000] [id=10372]
  0x0000021f88cf68a0 ConcurrentGCThread "G1 Conc#0" [stack: 0x000000ff36900000,0x000000ff36a00000] [id=13776]
  0x0000021f88d70800 ConcurrentGCThread "G1 Refine#0" [stack: 0x000000ff36a00000,0x000000ff36b00000] [id=15456]
  0x0000021fa744c4b0 ConcurrentGCThread "G1 Refine#1" [stack: 0x000000ff37e00000,0x000000ff37f00000] [id=17096]
  0x0000021fa881dfd0 ConcurrentGCThread "G1 Refine#2" [stack: 0x000000ff37a00000,0x000000ff37b00000] [id=6328]
  0x0000021f88d73130 ConcurrentGCThread "G1 Service" [stack: 0x000000ff36b00000,0x000000ff36c00000] [id=12536]

Threads with active compile tasks:
C2 CompilerThread0   965705 9704   !   4       org.springframework.web.servlet.mvc.method.annotation.AbstractMessageConverterMethodProcessor::writeWithMessageConverters (1086 bytes)

VM state: not at safepoint (normal execution)

VM Mutex/Monitor currently owned by a thread: None

Heap address: 0x0000000083a00000, size: 1990 MB, Compressed Oops mode: 32-bit

CDS archive(s) mapped at: [0x0000000800000000-0x0000000800bc0000-0x0000000800bc0000), size 12320768, SharedBaseAddress: 0x0000000800000000, ArchiveRelocationMode: 0.
Compressed class space mapped at: 0x0000000800c00000-0x0000000840c00000, reserved size: 1073741824
Narrow klass base: 0x0000000800000000, Narrow klass shift: 0, Narrow klass range: 0x100000000

GC Precious Log:
 CPUs: 4 total, 4 available
 Memory: 7959M
 Large Page Support: Disabled
 NUMA Support: Disabled
 Compressed Oops: Enabled (32-bit)
 Heap Region Size: 1M
 Heap Min Capacity: 8M
 Heap Initial Capacity: 126M
 Heap Max Capacity: 1990M
 Pre-touch: Disabled
 Parallel Workers: 4
 Concurrent Workers: 1
 Concurrent Refinement Workers: 4
 Periodic GC: Disabled

Heap:
 garbage-first heap   total 149504K, used 107837K [0x0000000083a00000, 0x0000000100000000)
  region size 1024K, 82 young (83968K), 1 survivors (1024K)
 Metaspace       used 57124K, committed 57536K, reserved 1105920K
  class space    used 7212K, committed 7424K, reserved 1048576K

Heap Regions: E=young(eden), S=young(survivor), O=old, HS=humongous(starts), HC=humongous(continues), CS=collection set, F=free, OA=open archive, CA=closed archive, TAMS=top-at-mark-start (previous, next)
|   0|0x0000000083a00000, 0x0000000083b00000, 0x0000000083b00000|100%|HS|  |TAMS 0x0000000083b00000, 0x0000000083a00000| Complete 
|   1|0x0000000083b00000, 0x0000000083c00000, 0x0000000083c00000|100%| O|  |TAMS 0x0000000083c00000, 0x0000000083b00000| Untracked 
|   2|0x0000000083c00000, 0x0000000083d00000, 0x0000000083d00000|100%| O|  |TAMS 0x0000000083d00000, 0x0000000083c00000| Untracked 
|   3|0x0000000083d00000, 0x0000000083e00000, 0x0000000083e00000|100%| O|  |TAMS 0x0000000083e00000, 0x0000000083d00000| Untracked 
|   4|0x0000000083e00000, 0x0000000083f00000, 0x0000000083f00000|100%| O|  |TAMS 0x0000000083f00000, 0x0000000083e00000| Untracked 
|   5|0x0000000083f00000, 0x0000000084000000, 0x0000000084000000|100%| O|  |TAMS 0x0000000083f00000, 0x0000000083f00000| Untracked 
|   6|0x0000000084000000, 0x0000000084100000, 0x0000000084100000|100%| O|  |TAMS 0x0000000084100000, 0x0000000084000000| Untracked 
|   7|0x0000000084100000, 0x0000000084200000, 0x0000000084200000|100%| O|  |TAMS 0x0000000084200000, 0x0000000084100000| Untracked 
|   8|0x0000000084200000, 0x0000000084300000, 0x0000000084300000|100%| O|  |TAMS 0x0000000084200000, 0x0000000084200000| Untracked 
|   9|0x0000000084300000, 0x0000000084400000, 0x0000000084400000|100%| O|  |TAMS 0x0000000084300000, 0x0000000084300000| Untracked 
|  10|0x0000000084400000, 0x0000000084500000, 0x0000000084500000|100%| O|  |TAMS 0x0000000084400000, 0x0000000084400000| Untracked 
|  11|0x0000000084500000, 0x0000000084600000, 0x0000000084600000|100%| O|  |TAMS 0x0000000084500000, 0x0000000084500000| Untracked 
|  12|0x0000000084600000, 0x0000000084700000, 0x0000000084700000|100%| O|  |TAMS 0x0000000084600000, 0x0000000084600000| Untracked 
|  13|0x0000000084700000, 0x0000000084800000, 0x0000000084800000|100%| O|  |TAMS 0x0000000084800000, 0x0000000084700000| Untracked 
|  14|0x0000000084800000, 0x0000000084900000, 0x0000000084900000|100%| O|  |TAMS 0x0000000084900000, 0x0000000084800000| Untracked 
|  15|0x0000000084900000, 0x0000000084a00000, 0x0000000084a00000|100%| O|  |TAMS 0x0000000084a00000, 0x0000000084900000| Untracked 
|  16|0x0000000084a00000, 0x0000000084b00000, 0x0000000084b00000|100%| O|  |TAMS 0x0000000084b00000, 0x0000000084a00000| Untracked 
|  17|0x0000000084b00000, 0x0000000084c00000, 0x0000000084c00000|100%| O|  |TAMS 0x0000000084c00000, 0x0000000084b00000| Untracked 
|  18|0x0000000084c00000, 0x0000000084d00000, 0x0000000084d00000|100%| O|  |TAMS 0x0000000084ca8400, 0x0000000084c00000| Untracked 
|  19|0x0000000084d00000, 0x0000000084e00000, 0x0000000084e00000|100%| O|  |TAMS 0x0000000084d00000, 0x0000000084d00000| Untracked 
|  20|0x0000000084e00000, 0x0000000084f00000, 0x0000000084f00000|100%| O|  |TAMS 0x0000000084e00000, 0x0000000084e00000| Untracked 
|  21|0x0000000084f00000, 0x0000000085000000, 0x0000000085000000|100%| O|  |TAMS 0x0000000084f00000, 0x0000000084f00000| Untracked 
|  22|0x0000000085000000, 0x0000000085100000, 0x0000000085100000|100%| O|  |TAMS 0x0000000085000000, 0x0000000085000000| Untracked 
|  23|0x0000000085100000, 0x0000000085200000, 0x0000000085200000|100%| O|  |TAMS 0x0000000085100000, 0x0000000085100000| Untracked 
|  24|0x0000000085200000, 0x0000000085211400, 0x0000000085300000|  6%| O|  |TAMS 0x0000000085200000, 0x0000000085200000| Untracked 
|  25|0x0000000085300000, 0x0000000085300000, 0x0000000085400000|  0%| F|  |TAMS 0x0000000085300000, 0x0000000085300000| Untracked 
|  26|0x0000000085400000, 0x0000000085400000, 0x0000000085500000|  0%| F|  |TAMS 0x0000000085400000, 0x0000000085400000| Untracked 
|  27|0x0000000085500000, 0x0000000085500000, 0x0000000085600000|  0%| F|  |TAMS 0x0000000085500000, 0x0000000085500000| Untracked 
|  28|0x0000000085600000, 0x0000000085600000, 0x0000000085700000|  0%| F|  |TAMS 0x0000000085600000, 0x0000000085600000| Untracked 
|  29|0x0000000085700000, 0x0000000085700000, 0x0000000085800000|  0%| F|  |TAMS 0x0000000085700000, 0x0000000085700000| Untracked 
|  30|0x0000000085800000, 0x0000000085800000, 0x0000000085900000|  0%| F|  |TAMS 0x0000000085800000, 0x0000000085800000| Untracked 
|  31|0x0000000085900000, 0x0000000085900000, 0x0000000085a00000|  0%| F|  |TAMS 0x0000000085900000, 0x0000000085900000| Untracked 
|  32|0x0000000085a00000, 0x0000000085a00000, 0x0000000085b00000|  0%| F|  |TAMS 0x0000000085a00000, 0x0000000085a00000| Untracked 
|  33|0x0000000085b00000, 0x0000000085b00000, 0x0000000085c00000|  0%| F|  |TAMS 0x0000000085b00000, 0x0000000085b00000| Untracked 
|  34|0x0000000085c00000, 0x0000000085c00000, 0x0000000085d00000|  0%| F|  |TAMS 0x0000000085c00000, 0x0000000085c00000| Untracked 
|  35|0x0000000085d00000, 0x0000000085d00000, 0x0000000085e00000|  0%| F|  |TAMS 0x0000000085d00000, 0x0000000085d00000| Untracked 
|  36|0x0000000085e00000, 0x0000000085e00000, 0x0000000085f00000|  0%| F|  |TAMS 0x0000000085e00000, 0x0000000085e00000| Untracked 
|  37|0x0000000085f00000, 0x0000000085f00000, 0x0000000086000000|  0%| F|  |TAMS 0x0000000085f00000, 0x0000000085f00000| Untracked 
|  38|0x0000000086000000, 0x0000000086000000, 0x0000000086100000|  0%| F|  |TAMS 0x0000000086000000, 0x0000000086000000| Untracked 
|  39|0x0000000086100000, 0x0000000086100000, 0x0000000086200000|  0%| F|  |TAMS 0x0000000086100000, 0x0000000086100000| Untracked 
|  40|0x0000000086200000, 0x0000000086200000, 0x0000000086300000|  0%| F|  |TAMS 0x0000000086200000, 0x0000000086200000| Untracked 
|  41|0x0000000086300000, 0x0000000086300000, 0x0000000086400000|  0%| F|  |TAMS 0x0000000086300000, 0x0000000086300000| Untracked 
|  42|0x0000000086400000, 0x0000000086400000, 0x0000000086500000|  0%| F|  |TAMS 0x0000000086400000, 0x0000000086400000| Untracked 
|  43|0x0000000086500000, 0x0000000086500000, 0x0000000086600000|  0%| F|  |TAMS 0x0000000086500000, 0x0000000086500000| Untracked 
|  44|0x0000000086600000, 0x0000000086600000, 0x0000000086700000|  0%| F|  |TAMS 0x0000000086600000, 0x0000000086600000| Untracked 
|  45|0x0000000086700000, 0x0000000086700000, 0x0000000086800000|  0%| F|  |TAMS 0x0000000086700000, 0x0000000086700000| Untracked 
|  46|0x0000000086800000, 0x0000000086800000, 0x0000000086900000|  0%| F|  |TAMS 0x0000000086800000, 0x0000000086800000| Untracked 
|  47|0x0000000086900000, 0x0000000086900000, 0x0000000086a00000|  0%| F|  |TAMS 0x0000000086900000, 0x0000000086900000| Untracked 
|  48|0x0000000086a00000, 0x0000000086a00000, 0x0000000086b00000|  0%| F|  |TAMS 0x0000000086a00000, 0x0000000086a00000| Untracked 
|  49|0x0000000086b00000, 0x0000000086b00000, 0x0000000086c00000|  0%| F|  |TAMS 0x0000000086b00000, 0x0000000086b00000| Untracked 
|  50|0x0000000086c00000, 0x0000000086c00000, 0x0000000086d00000|  0%| F|  |TAMS 0x0000000086c00000, 0x0000000086c00000| Untracked 
|  51|0x0000000086d00000, 0x0000000086d00000, 0x0000000086e00000|  0%| F|  |TAMS 0x0000000086d00000, 0x0000000086d00000| Untracked 
|  52|0x0000000086e00000, 0x0000000086e00000, 0x0000000086f00000|  0%| F|  |TAMS 0x0000000086e00000, 0x0000000086e00000| Untracked 
|  53|0x0000000086f00000, 0x0000000086f00000, 0x0000000087000000|  0%| F|  |TAMS 0x0000000086f00000, 0x0000000086f00000| Untracked 
|  54|0x0000000087000000, 0x0000000087000000, 0x0000000087100000|  0%| F|  |TAMS 0x0000000087000000, 0x0000000087000000| Untracked 
|  55|0x0000000087100000, 0x0000000087100000, 0x0000000087200000|  0%| F|  |TAMS 0x0000000087100000, 0x0000000087100000| Untracked 
|  56|0x0000000087200000, 0x0000000087200000, 0x0000000087300000|  0%| F|  |TAMS 0x0000000087200000, 0x0000000087200000| Untracked 
|  57|0x0000000087300000, 0x0000000087300000, 0x0000000087400000|  0%| F|  |TAMS 0x0000000087300000, 0x0000000087300000| Untracked 
|  58|0x0000000087400000, 0x000000008743e110, 0x0000000087500000| 24%| S|CS|TAMS 0x0000000087400000, 0x0000000087400000| Complete 
|  59|0x0000000087500000, 0x0000000087500000, 0x0000000087600000|  0%| F|  |TAMS 0x0000000087500000, 0x0000000087500000| Untracked 
|  60|0x0000000087600000, 0x0000000087600000, 0x0000000087700000|  0%| F|  |TAMS 0x0000000087600000, 0x0000000087600000| Untracked 
|  61|0x0000000087700000, 0x0000000087700000, 0x0000000087800000|  0%| F|  |TAMS 0x0000000087700000, 0x0000000087700000| Untracked 
|  62|0x0000000087800000, 0x0000000087800000, 0x0000000087900000|  0%| F|  |TAMS 0x0000000087800000, 0x0000000087800000| Untracked 
|  63|0x0000000087900000, 0x0000000087900000, 0x0000000087a00000|  0%| F|  |TAMS 0x0000000087900000, 0x0000000087900000| Untracked 
|  64|0x0000000087a00000, 0x0000000087a860d8, 0x0000000087b00000| 52%| E|  |TAMS 0x0000000087a00000, 0x0000000087a00000| Complete 
|  65|0x0000000087b00000, 0x0000000087c00000, 0x0000000087c00000|100%| E|CS|TAMS 0x0000000087b00000, 0x0000000087b00000| Complete 
|  66|0x0000000087c00000, 0x0000000087d00000, 0x0000000087d00000|100%| E|CS|TAMS 0x0000000087c00000, 0x0000000087c00000| Complete 
|  67|0x0000000087d00000, 0x0000000087e00000, 0x0000000087e00000|100%| E|CS|TAMS 0x0000000087d00000, 0x0000000087d00000| Complete 
|  68|0x0000000087e00000, 0x0000000087f00000, 0x0000000087f00000|100%| E|CS|TAMS 0x0000000087e00000, 0x0000000087e00000| Complete 
|  69|0x0000000087f00000, 0x0000000088000000, 0x0000000088000000|100%| E|CS|TAMS 0x0000000087f00000, 0x0000000087f00000| Complete 
|  70|0x0000000088000000, 0x0000000088100000, 0x0000000088100000|100%| E|CS|TAMS 0x0000000088000000, 0x0000000088000000| Complete 
|  71|0x0000000088100000, 0x0000000088200000, 0x0000000088200000|100%| E|CS|TAMS 0x0000000088100000, 0x0000000088100000| Complete 
|  72|0x0000000088200000, 0x0000000088300000, 0x0000000088300000|100%| E|CS|TAMS 0x0000000088200000, 0x0000000088200000| Complete 
|  73|0x0000000088300000, 0x0000000088400000, 0x0000000088400000|100%| E|CS|TAMS 0x0000000088300000, 0x0000000088300000| Complete 
|  74|0x0000000088400000, 0x0000000088500000, 0x0000000088500000|100%| E|CS|TAMS 0x0000000088400000, 0x0000000088400000| Complete 
|  75|0x0000000088500000, 0x0000000088600000, 0x0000000088600000|100%| E|CS|TAMS 0x0000000088500000, 0x0000000088500000| Complete 
|  76|0x0000000088600000, 0x0000000088700000, 0x0000000088700000|100%| E|CS|TAMS 0x0000000088600000, 0x0000000088600000| Complete 
|  77|0x0000000088700000, 0x0000000088800000, 0x0000000088800000|100%| E|CS|TAMS 0x0000000088700000, 0x0000000088700000| Complete 
|  78|0x0000000088800000, 0x0000000088900000, 0x0000000088900000|100%| E|CS|TAMS 0x0000000088800000, 0x0000000088800000| Complete 
|  79|0x0000000088900000, 0x0000000088a00000, 0x0000000088a00000|100%| E|CS|TAMS 0x0000000088900000, 0x0000000088900000| Complete 
|  80|0x0000000088a00000, 0x0000000088b00000, 0x0000000088b00000|100%| E|CS|TAMS 0x0000000088a00000, 0x0000000088a00000| Complete 
|  81|0x0000000088b00000, 0x0000000088c00000, 0x0000000088c00000|100%| E|CS|TAMS 0x0000000088b00000, 0x0000000088b00000| Complete 
|  82|0x0000000088c00000, 0x0000000088d00000, 0x0000000088d00000|100%| E|CS|TAMS 0x0000000088c00000, 0x0000000088c00000| Complete 
|  83|0x0000000088d00000, 0x0000000088e00000, 0x0000000088e00000|100%| E|CS|TAMS 0x0000000088d00000, 0x0000000088d00000| Complete 
|  84|0x0000000088e00000, 0x0000000088f00000, 0x0000000088f00000|100%| E|CS|TAMS 0x0000000088e00000, 0x0000000088e00000| Complete 
|  85|0x0000000088f00000, 0x0000000089000000, 0x0000000089000000|100%| E|CS|TAMS 0x0000000088f00000, 0x0000000088f00000| Complete 
|  86|0x0000000089000000, 0x0000000089100000, 0x0000000089100000|100%| E|CS|TAMS 0x0000000089000000, 0x0000000089000000| Complete 
|  87|0x0000000089100000, 0x0000000089200000, 0x0000000089200000|100%| E|CS|TAMS 0x0000000089100000, 0x0000000089100000| Complete 
|  88|0x0000000089200000, 0x0000000089300000, 0x0000000089300000|100%| E|CS|TAMS 0x0000000089200000, 0x0000000089200000| Complete 
|  89|0x0000000089300000, 0x0000000089400000, 0x0000000089400000|100%| E|CS|TAMS 0x0000000089300000, 0x0000000089300000| Complete 
|  90|0x0000000089400000, 0x0000000089500000, 0x0000000089500000|100%| E|CS|TAMS 0x0000000089400000, 0x0000000089400000| Complete 
|  91|0x0000000089500000, 0x0000000089600000, 0x0000000089600000|100%| E|CS|TAMS 0x0000000089500000, 0x0000000089500000| Complete 
|  92|0x0000000089600000, 0x0000000089700000, 0x0000000089700000|100%| E|CS|TAMS 0x0000000089600000, 0x0000000089600000| Complete 
|  93|0x0000000089700000, 0x0000000089800000, 0x0000000089800000|100%| E|CS|TAMS 0x0000000089700000, 0x0000000089700000| Complete 
|  94|0x0000000089800000, 0x0000000089900000, 0x0000000089900000|100%| E|CS|TAMS 0x0000000089800000, 0x0000000089800000| Complete 
|  95|0x0000000089900000, 0x0000000089a00000, 0x0000000089a00000|100%| E|CS|TAMS 0x0000000089900000, 0x0000000089900000| Complete 
|  96|0x0000000089a00000, 0x0000000089b00000, 0x0000000089b00000|100%| E|CS|TAMS 0x0000000089a00000, 0x0000000089a00000| Complete 
|  97|0x0000000089b00000, 0x0000000089c00000, 0x0000000089c00000|100%| E|CS|TAMS 0x0000000089b00000, 0x0000000089b00000| Complete 
|  98|0x0000000089c00000, 0x0000000089d00000, 0x0000000089d00000|100%| E|CS|TAMS 0x0000000089c00000, 0x0000000089c00000| Complete 
|  99|0x0000000089d00000, 0x0000000089e00000, 0x0000000089e00000|100%| E|CS|TAMS 0x0000000089d00000, 0x0000000089d00000| Complete 
| 100|0x0000000089e00000, 0x0000000089f00000, 0x0000000089f00000|100%| E|CS|TAMS 0x0000000089e00000, 0x0000000089e00000| Complete 
| 101|0x0000000089f00000, 0x000000008a000000, 0x000000008a000000|100%| E|CS|TAMS 0x0000000089f00000, 0x0000000089f00000| Complete 
| 102|0x000000008a000000, 0x000000008a100000, 0x000000008a100000|100%| E|CS|TAMS 0x000000008a000000, 0x000000008a000000| Complete 
| 103|0x000000008a100000, 0x000000008a200000, 0x000000008a200000|100%| E|CS|TAMS 0x000000008a100000, 0x000000008a100000| Complete 
| 104|0x000000008a200000, 0x000000008a300000, 0x000000008a300000|100%| E|CS|TAMS 0x000000008a200000, 0x000000008a200000| Complete 
| 105|0x000000008a300000, 0x000000008a400000, 0x000000008a400000|100%| E|CS|TAMS 0x000000008a300000, 0x000000008a300000| Complete 
| 106|0x000000008a400000, 0x000000008a500000, 0x000000008a500000|100%| E|CS|TAMS 0x000000008a400000, 0x000000008a400000| Complete 
| 107|0x000000008a500000, 0x000000008a600000, 0x000000008a600000|100%| E|CS|TAMS 0x000000008a500000, 0x000000008a500000| Complete 
| 108|0x000000008a600000, 0x000000008a700000, 0x000000008a700000|100%| E|CS|TAMS 0x000000008a600000, 0x000000008a600000| Complete 
| 109|0x000000008a700000, 0x000000008a800000, 0x000000008a800000|100%| E|CS|TAMS 0x000000008a700000, 0x000000008a700000| Complete 
| 110|0x000000008a800000, 0x000000008a900000, 0x000000008a900000|100%| E|CS|TAMS 0x000000008a800000, 0x000000008a800000| Complete 
| 111|0x000000008a900000, 0x000000008aa00000, 0x000000008aa00000|100%| E|CS|TAMS 0x000000008a900000, 0x000000008a900000| Complete 
| 112|0x000000008aa00000, 0x000000008ab00000, 0x000000008ab00000|100%| E|CS|TAMS 0x000000008aa00000, 0x000000008aa00000| Complete 
| 113|0x000000008ab00000, 0x000000008ac00000, 0x000000008ac00000|100%| E|CS|TAMS 0x000000008ab00000, 0x000000008ab00000| Complete 
| 114|0x000000008ac00000, 0x000000008ad00000, 0x000000008ad00000|100%| E|CS|TAMS 0x000000008ac00000, 0x000000008ac00000| Complete 
| 115|0x000000008ad00000, 0x000000008ae00000, 0x000000008ae00000|100%| E|CS|TAMS 0x000000008ad00000, 0x000000008ad00000| Complete 
| 116|0x000000008ae00000, 0x000000008af00000, 0x000000008af00000|100%| E|CS|TAMS 0x000000008ae00000, 0x000000008ae00000| Complete 
| 117|0x000000008af00000, 0x000000008b000000, 0x000000008b000000|100%| E|CS|TAMS 0x000000008af00000, 0x000000008af00000| Complete 
| 118|0x000000008b000000, 0x000000008b100000, 0x000000008b100000|100%| E|CS|TAMS 0x000000008b000000, 0x000000008b000000| Complete 
| 119|0x000000008b100000, 0x000000008b200000, 0x000000008b200000|100%| E|CS|TAMS 0x000000008b100000, 0x000000008b100000| Complete 
| 120|0x000000008b200000, 0x000000008b300000, 0x000000008b300000|100%| E|CS|TAMS 0x000000008b200000, 0x000000008b200000| Complete 
| 121|0x000000008b300000, 0x000000008b400000, 0x000000008b400000|100%| E|CS|TAMS 0x000000008b300000, 0x000000008b300000| Complete 
| 122|0x000000008b400000, 0x000000008b500000, 0x000000008b500000|100%| E|CS|TAMS 0x000000008b400000, 0x000000008b400000| Complete 
| 123|0x000000008b500000, 0x000000008b600000, 0x000000008b600000|100%| E|CS|TAMS 0x000000008b500000, 0x000000008b500000| Complete 
| 124|0x000000008b600000, 0x000000008b700000, 0x000000008b700000|100%| E|CS|TAMS 0x000000008b600000, 0x000000008b600000| Complete 
| 125|0x000000008b700000, 0x000000008b800000, 0x000000008b800000|100%| E|CS|TAMS 0x000000008b700000, 0x000000008b700000| Complete 
| 126|0x000000008b800000, 0x000000008b900000, 0x000000008b900000|100%| E|CS|TAMS 0x000000008b800000, 0x000000008b800000| Complete 
| 127|0x000000008b900000, 0x000000008ba00000, 0x000000008ba00000|100%| E|CS|TAMS 0x000000008b900000, 0x000000008b900000| Complete 
| 128|0x000000008ba00000, 0x000000008bb00000, 0x000000008bb00000|100%| E|CS|TAMS 0x000000008ba00000, 0x000000008ba00000| Complete 
| 129|0x000000008bb00000, 0x000000008bc00000, 0x000000008bc00000|100%| E|CS|TAMS 0x000000008bb00000, 0x000000008bb00000| Complete 
| 130|0x000000008bc00000, 0x000000008bd00000, 0x000000008bd00000|100%| E|CS|TAMS 0x000000008bc00000, 0x000000008bc00000| Complete 
| 131|0x000000008bd00000, 0x000000008be00000, 0x000000008be00000|100%| E|CS|TAMS 0x000000008bd00000, 0x000000008bd00000| Complete 
| 132|0x000000008be00000, 0x000000008bf00000, 0x000000008bf00000|100%| E|CS|TAMS 0x000000008be00000, 0x000000008be00000| Complete 
| 133|0x000000008bf00000, 0x000000008c000000, 0x000000008c000000|100%| E|CS|TAMS 0x000000008bf00000, 0x000000008bf00000| Complete 
| 134|0x000000008c000000, 0x000000008c100000, 0x000000008c100000|100%| E|CS|TAMS 0x000000008c000000, 0x000000008c000000| Complete 
| 135|0x000000008c100000, 0x000000008c200000, 0x000000008c200000|100%| E|CS|TAMS 0x000000008c100000, 0x000000008c100000| Complete 
| 136|0x000000008c200000, 0x000000008c300000, 0x000000008c300000|100%| E|CS|TAMS 0x000000008c200000, 0x000000008c200000| Complete 
| 137|0x000000008c300000, 0x000000008c400000, 0x000000008c400000|100%| E|CS|TAMS 0x000000008c300000, 0x000000008c300000| Complete 
| 138|0x000000008c400000, 0x000000008c500000, 0x000000008c500000|100%| E|CS|TAMS 0x000000008c400000, 0x000000008c400000| Complete 
| 139|0x000000008c500000, 0x000000008c600000, 0x000000008c600000|100%| E|CS|TAMS 0x000000008c500000, 0x000000008c500000| Complete 
| 140|0x000000008c600000, 0x000000008c700000, 0x000000008c700000|100%| E|CS|TAMS 0x000000008c600000, 0x000000008c600000| Complete 
| 141|0x000000008c700000, 0x000000008c800000, 0x000000008c800000|100%| E|CS|TAMS 0x000000008c700000, 0x000000008c700000| Complete 
| 142|0x000000008c800000, 0x000000008c900000, 0x000000008c900000|100%| E|CS|TAMS 0x000000008c800000, 0x000000008c800000| Complete 
| 143|0x000000008c900000, 0x000000008ca00000, 0x000000008ca00000|100%| E|CS|TAMS 0x000000008c900000, 0x000000008c900000| Complete 
| 144|0x000000008ca00000, 0x000000008cb00000, 0x000000008cb00000|100%| E|CS|TAMS 0x000000008ca00000, 0x000000008ca00000| Complete 
|1989|0x00000000fff00000, 0x0000000100000000, 0x0000000100000000|100%| O|  |TAMS 0x0000000100000000, 0x00000000fff00000| Untracked 

Card table byte_map: [0x0000021f9f890000,0x0000021f9fc80000] _byte_map_base: 0x0000021f9f473000

Marking Bits (Prev, Next): (CMBitMap*) 0x0000021f88ce5ca0, (CMBitMap*) 0x0000021f88ce5ce0
 Prev Bits: [0x0000021fa0070000, 0x0000021fa1f88000)
 Next Bits: [0x0000021fa1f90000, 0x0000021fa3ea8000)

Polling page: 0x0000021f86be0000

Metaspace:

Usage:
  Non-class:     48.74 MB used.
      Class:      7.04 MB used.
       Both:     55.79 MB used.

Virtual space:
  Non-class space:       56.00 MB reserved,      48.94 MB ( 87%) committed,  7 nodes.
      Class space:        1.00 GB reserved,       7.25 MB ( <1%) committed,  1 nodes.
             Both:        1.05 GB reserved,      56.19 MB (  5%) committed. 

Chunk freelists:
   Non-Class:  2.77 MB
       Class:  593.00 KB
        Both:  3.34 MB

MaxMetaspaceSize: unlimited
CompressedClassSpaceSize: 1.00 GB
Initial GC threshold: 21.00 MB
Current GC threshold: 58.88 MB
CDS: on
MetaspaceReclaimPolicy: balanced
 - commit_granule_bytes: 65536.
 - commit_granule_words: 8192.
 - virtual_space_node_default_size: 1048576.
 - enlarge_chunks_in_place: 1.
 - new_chunks_are_fully_committed: 0.
 - uncommit_free_chunks: 1.
 - use_allocation_guard: 0.
 - handle_deallocations: 1.


Internal statistics:

num_allocs_failed_limit: 6.
num_arena_births: 500.
num_arena_deaths: 0.
num_vsnodes_births: 8.
num_vsnodes_deaths: 0.
num_space_committed: 899.
num_space_uncommitted: 0.
num_chunks_returned_to_freelist: 6.
num_chunks_taken_from_freelist: 2599.
num_chunk_merges: 3.
num_chunk_splits: 1842.
num_chunks_enlarged: 1423.
num_purges: 0.
num_inconsistent_stats: 0.

CodeHeap 'non-profiled nmethods': size=120000Kb used=8804Kb max_used=8804Kb free=111195Kb
 bounds [0x0000021f97f70000, 0x0000021f98810000, 0x0000021f9f4a0000]
CodeHeap 'profiled nmethods': size=120000Kb used=12989Kb max_used=18150Kb free=107010Kb
 bounds [0x0000021f90a40000, 0x0000021f91c00000, 0x0000021f97f70000]
CodeHeap 'non-nmethods': size=5760Kb used=1306Kb max_used=1400Kb free=4453Kb
 bounds [0x0000021f904a0000, 0x0000021f90710000, 0x0000021f90a40000]
 total_blobs=8332 nmethods=7713 adapters=529
 compilation: enabled
              stopped_count=0, restarted_count=0
 full_count=0

Compilation events (20 events):
Event: 963.101 Thread 0x0000021fa6338f60 nmethod 9695 0x0000021f98802d10 code [0x0000021f98802e80, 0x0000021f98802f18]
Event: 963.133 Thread 0x0000021fa6338f60 9696       4       org.hibernate.query.criteria.internal.CriteriaQueryImpl$1$1$1::validate (141 bytes)
Event: 963.135 Thread 0x0000021fa6338f60 nmethod 9696 0x0000021f98803010 code [0x0000021f988031a0, 0x0000021f988032b8]
Event: 963.188 Thread 0x0000021fa6338f60 9697       4       org.springframework.web.util.HierarchicalUriComponents::getPort (59 bytes)
Event: 963.196 Thread 0x0000021fa6338f60 nmethod 9697 0x0000021f98803490 code [0x0000021f98803640, 0x0000021f98803c78]
Event: 963.206 Thread 0x0000021fa6338f60 9698       4       org.springframework.web.servlet.mvc.method.annotation.AbstractMessageConverterMethodProcessor::getReturnValueType (16 bytes)
Event: 963.207 Thread 0x0000021fa6338f60 nmethod 9698 0x0000021f98804190 code [0x0000021f98804300, 0x0000021f988043b8]
Event: 963.218 Thread 0x0000021fa6338f60 9699       4       org.hibernate.query.internal.QueryImpl::<init> (43 bytes)
Event: 963.246 Thread 0x0000021fa6338f60 nmethod 9699 0x0000021f98804490 code [0x0000021f988046e0, 0x0000021f988057d8]
Event: 963.246 Thread 0x0000021fa6338f60 9700       4       org.hibernate.query.internal.QueryParameterBindingsImpl::from (25 bytes)
Event: 963.254 Thread 0x0000021fa6338f60 nmethod 9700 0x0000021f98806090 code [0x0000021f988062a0, 0x0000021f98806938]
Event: 963.255 Thread 0x0000021fa6338f60 9701       4       org.hibernate.query.internal.QueryParameterBindingsImpl::<init> (168 bytes)
Event: 963.264 Thread 0x0000021fa6338f60 nmethod 9701 0x0000021f98806f90 code [0x0000021f988071a0, 0x0000021f98807958]
Event: 963.289 Thread 0x0000021fa6342a20 9702       3       java.nio.channels.spi.AbstractInterruptibleChannel::<init> (16 bytes)
Event: 963.289 Thread 0x0000021fa6338f60 9703       4       java.lang.invoke.VarHandle::checkExactAccessMode (28 bytes)
Event: 963.289 Thread 0x0000021fa6342a20 nmethod 9702 0x0000021f90d8ca10 code [0x0000021f90d8cbc0, 0x0000021f90d8ce38]
Event: 963.297 Thread 0x0000021fa6338f60 nmethod 9703 0x0000021f98807f10 code [0x0000021f988080c0, 0x0000021f98808748]
Event: 963.364 Thread 0x0000021fa6338f60 9704   !   4       org.springframework.web.servlet.mvc.method.annotation.AbstractMessageConverterMethodProcessor::writeWithMessageConverters (1086 bytes)
Event: 963.607 Thread 0x0000021fa6342a20 9706       3       java.net.InetSocketAddress::getAddress (8 bytes)
Event: 963.607 Thread 0x0000021fa6342a20 nmethod 9706 0x0000021f90c7a690 code [0x0000021f90c7a820, 0x0000021f90c7a958]

GC Heap History (20 events):
Event: 921.763 GC heap before
{Heap before GC invocations=23 (full 0):
 garbage-first heap   total 149504K, used 109509K [0x0000000083a00000, 0x0000000100000000)
  region size 1024K, 87 young (89088K), 5 survivors (5120K)
 Metaspace       used 57091K, committed 57536K, reserved 1105920K
  class space    used 7211K, committed 7424K, reserved 1048576K
}
Event: 921.774 GC heap after
{Heap after GC invocations=24 (full 0):
 garbage-first heap   total 149504K, used 25540K [0x0000000083a00000, 0x0000000100000000)
  region size 1024K, 5 young (5120K), 5 survivors (5120K)
 Metaspace       used 57091K, committed 57536K, reserved 1105920K
  class space    used 7211K, committed 7424K, reserved 1048576K
}
Event: 925.751 GC heap before
{Heap before GC invocations=24 (full 0):
 garbage-first heap   total 149504K, used 109508K [0x0000000083a00000, 0x0000000100000000)
  region size 1024K, 87 young (89088K), 5 survivors (5120K)
 Metaspace       used 57095K, committed 57536K, reserved 1105920K
  class space    used 7212K, committed 7424K, reserved 1048576K
}
Event: 925.762 GC heap after
{Heap after GC invocations=25 (full 0):
 garbage-first heap   total 149504K, used 25544K [0x0000000083a00000, 0x0000000100000000)
  region size 1024K, 5 young (5120K), 5 survivors (5120K)
 Metaspace       used 57095K, committed 57536K, reserved 1105920K
  class space    used 7212K, committed 7424K, reserved 1048576K
}
Event: 929.314 GC heap before
{Heap before GC invocations=25 (full 0):
 garbage-first heap   total 149504K, used 109512K [0x0000000083a00000, 0x0000000100000000)
  region size 1024K, 87 young (89088K), 5 survivors (5120K)
 Metaspace       used 57098K, committed 57536K, reserved 1105920K
  class space    used 7212K, committed 7424K, reserved 1048576K
}
Event: 929.323 GC heap after
{Heap after GC invocations=26 (full 0):
 garbage-first heap   total 149504K, used 25545K [0x0000000083a00000, 0x0000000100000000)
  region size 1024K, 5 young (5120K), 5 survivors (5120K)
 Metaspace       used 57098K, committed 57536K, reserved 1105920K
  class space    used 7212K, committed 7424K, reserved 1048576K
}
Event: 933.422 GC heap before
{Heap before GC invocations=26 (full 0):
 garbage-first heap   total 149504K, used 109513K [0x0000000083a00000, 0x0000000100000000)
  region size 1024K, 87 young (89088K), 5 survivors (5120K)
 Metaspace       used 57098K, committed 57536K, reserved 1105920K
  class space    used 7212K, committed 7424K, reserved 1048576K
}
Event: 933.427 GC heap after
{Heap after GC invocations=27 (full 0):
 garbage-first heap   total 149504K, used 25956K [0x0000000083a00000, 0x0000000100000000)
  region size 1024K, 5 young (5120K), 5 survivors (5120K)
 Metaspace       used 57098K, committed 57536K, reserved 1105920K
  class space    used 7212K, committed 7424K, reserved 1048576K
}
Event: 937.742 GC heap before
{Heap before GC invocations=27 (full 0):
 garbage-first heap   total 149504K, used 109924K [0x0000000083a00000, 0x0000000100000000)
  region size 1024K, 87 young (89088K), 5 survivors (5120K)
 Metaspace       used 57100K, committed 57536K, reserved 1105920K
  class space    used 7212K, committed 7424K, reserved 1048576K
}
Event: 937.747 GC heap after
{Heap after GC invocations=28 (full 0):
 garbage-first heap   total 149504K, used 25751K [0x0000000083a00000, 0x0000000100000000)
  region size 1024K, 5 young (5120K), 5 survivors (5120K)
 Metaspace       used 57100K, committed 57536K, reserved 1105920K
  class space    used 7212K, committed 7424K, reserved 1048576K
}
Event: 941.983 GC heap before
{Heap before GC invocations=28 (full 0):
 garbage-first heap   total 149504K, used 109719K [0x0000000083a00000, 0x0000000100000000)
  region size 1024K, 87 young (89088K), 5 survivors (5120K)
 Metaspace       used 57101K, committed 57536K, reserved 1105920K
  class space    used 7212K, committed 7424K, reserved 1048576K
}
Event: 941.990 GC heap after
{Heap after GC invocations=29 (full 0):
 garbage-first heap   total 149504K, used 25750K [0x0000000083a00000, 0x0000000100000000)
  region size 1024K, 5 young (5120K), 5 survivors (5120K)
 Metaspace       used 57101K, committed 57536K, reserved 1105920K
  class space    used 7212K, committed 7424K, reserved 1048576K
}
Event: 945.944 GC heap before
{Heap before GC invocations=29 (full 0):
 garbage-first heap   total 149504K, used 109718K [0x0000000083a00000, 0x0000000100000000)
  region size 1024K, 87 young (89088K), 5 survivors (5120K)
 Metaspace       used 57104K, committed 57536K, reserved 1105920K
  class space    used 7212K, committed 7424K, reserved 1048576K
}
Event: 945.949 GC heap after
{Heap after GC invocations=30 (full 0):
 garbage-first heap   total 149504K, used 25545K [0x0000000083a00000, 0x0000000100000000)
  region size 1024K, 5 young (5120K), 5 survivors (5120K)
 Metaspace       used 57104K, committed 57536K, reserved 1105920K
  class space    used 7212K, committed 7424K, reserved 1048576K
}
Event: 951.276 GC heap before
{Heap before GC invocations=30 (full 0):
 garbage-first heap   total 149504K, used 109513K [0x0000000083a00000, 0x0000000100000000)
  region size 1024K, 87 young (89088K), 5 survivors (5120K)
 Metaspace       used 57108K, committed 57536K, reserved 1105920K
  class space    used 7212K, committed 7424K, reserved 1048576K
}
Event: 951.281 GC heap after
{Heap after GC invocations=31 (full 0):
 garbage-first heap   total 149504K, used 25691K [0x0000000083a00000, 0x0000000100000000)
  region size 1024K, 2 young (2048K), 2 survivors (2048K)
 Metaspace       used 57108K, committed 57536K, reserved 1105920K
  class space    used 7212K, committed 7424K, reserved 1048576K
}
Event: 961.072 GC heap before
{Heap before GC invocations=31 (full 0):
 garbage-first heap   total 149504K, used 112731K [0x0000000083a00000, 0x0000000100000000)
  region size 1024K, 87 young (89088K), 2 survivors (2048K)
 Metaspace       used 57122K, committed 57536K, reserved 1105920K
  class space    used 7212K, committed 7424K, reserved 1048576K
}
Event: 961.077 GC heap after
{Heap after GC invocations=32 (full 0):
 garbage-first heap   total 149504K, used 25844K [0x0000000083a00000, 0x0000000100000000)
  region size 1024K, 1 young (1024K), 1 survivors (1024K)
 Metaspace       used 57122K, committed 57536K, reserved 1105920K
  class space    used 7212K, committed 7424K, reserved 1048576K
}
Event: 963.305 GC heap before
{Heap before GC invocations=32 (full 0):
 garbage-first heap   total 149504K, used 113908K [0x0000000083a00000, 0x0000000100000000)
  region size 1024K, 87 young (89088K), 1 survivors (1024K)
 Metaspace       used 57122K, committed 57536K, reserved 1105920K
  class space    used 7212K, committed 7424K, reserved 1048576K
}
Event: 963.306 GC heap after
{Heap after GC invocations=33 (full 0):
 garbage-first heap   total 149504K, used 25917K [0x0000000083a00000, 0x0000000100000000)
  region size 1024K, 1 young (1024K), 1 survivors (1024K)
 Metaspace       used 57122K, committed 57536K, reserved 1105920K
  class space    used 7212K, committed 7424K, reserved 1048576K
}

Deoptimization events (20 events):
Event: 960.548 Thread 0x0000021fab529540 Uncommon trap: trap_request=0xffffffde fr.pc=0x0000021f98740968 relative=0x0000000000000068
Event: 960.548 Thread 0x0000021fab52ca30 Uncommon trap: trap_request=0xffffffde fr.pc=0x0000021f98740968 relative=0x0000000000000068
Event: 960.548 Thread 0x0000021fab529540 Uncommon trap: reason=class_check action=maybe_recompile pc=0x0000021f98740968 method=org.springframework.http.MediaType.removeQualityValue()Lorg/springframework/http/MediaType; @ 6 c2
Event: 960.548 Thread 0x0000021fab52ca30 Uncommon trap: reason=class_check action=maybe_recompile pc=0x0000021f98740968 method=org.springframework.http.MediaType.removeQualityValue()Lorg/springframework/http/MediaType; @ 6 c2
Event: 960.548 Thread 0x0000021fab529540 DEOPT PACKING pc=0x0000021f98740968 sp=0x000000ff38dfe340
Event: 960.548 Thread 0x0000021fab52ca30 DEOPT PACKING pc=0x0000021f98740968 sp=0x000000ff38efe540
Event: 960.548 Thread 0x0000021fab529540 DEOPT UNPACKING pc=0x0000021f904f5c23 sp=0x000000ff38dfe2d0 mode 2
Event: 960.548 Thread 0x0000021fab52ca30 DEOPT UNPACKING pc=0x0000021f904f5c23 sp=0x000000ff38efe4d0 mode 2
Event: 960.548 Thread 0x0000021fab529540 Uncommon trap: trap_request=0xffffff45 fr.pc=0x0000021f987501a0 relative=0x0000000000001180
Event: 960.548 Thread 0x0000021fab52ca30 Uncommon trap: trap_request=0xffffff45 fr.pc=0x0000021f987501a0 relative=0x0000000000001180
Event: 960.548 Thread 0x0000021fab529540 Uncommon trap: reason=unstable_if action=reinterpret pc=0x0000021f987501a0 method=org.springframework.util.MimeType.toString()Ljava/lang/String; @ 6 c2
Event: 960.548 Thread 0x0000021fab52ca30 Uncommon trap: reason=unstable_if action=reinterpret pc=0x0000021f987501a0 method=org.springframework.util.MimeType.toString()Ljava/lang/String; @ 6 c2
Event: 960.548 Thread 0x0000021fab52ca30 DEOPT PACKING pc=0x0000021f987501a0 sp=0x000000ff38efe4b0
Event: 960.548 Thread 0x0000021fab529540 DEOPT PACKING pc=0x0000021f987501a0 sp=0x000000ff38dfe2b0
Event: 960.548 Thread 0x0000021fab529540 DEOPT UNPACKING pc=0x0000021f904f5c23 sp=0x000000ff38dfe140 mode 2
Event: 960.548 Thread 0x0000021fab52ca30 DEOPT UNPACKING pc=0x0000021f904f5c23 sp=0x000000ff38efe340 mode 2
Event: 962.074 Thread 0x0000021fa9c3ab30 Uncommon trap: trap_request=0xffffff45 fr.pc=0x0000021f98660554 relative=0x0000000000003494
Event: 962.074 Thread 0x0000021fa9c3ab30 Uncommon trap: reason=unstable_if action=reinterpret pc=0x0000021f98660554 method=java.util.concurrent.ConcurrentLinkedQueue.size()I @ 15 c2
Event: 962.074 Thread 0x0000021fa9c3ab30 DEOPT PACKING pc=0x0000021f98660554 sp=0x000000ff364fda00
Event: 962.074 Thread 0x0000021fa9c3ab30 DEOPT UNPACKING pc=0x0000021f904f5c23 sp=0x000000ff364fd690 mode 2

Classes unloaded (0 events):
No events

Classes redefined (0 events):
No events

Internal exceptions (20 events):
Event: 12.681 Thread 0x0000021fa772b510 Exception <a 'java/lang/ClassNotFoundException'{0x0000000085af8b38}: org/springframework/web/context/ServletContextAwareCustomizer> (0x0000000085af8b38) 
thrown [t:\workspace\open\src\hotspot\share\classfile\systemDictionary.cpp, line 256]
Event: 12.681 Thread 0x0000021fa772b510 Exception <a 'java/lang/ClassNotFoundException'{0x0000000085afdfa0}: org/springframework/beans/factory/AwareCustomizer> (0x0000000085afdfa0) 
thrown [t:\workspace\open\src\hotspot\share\classfile\systemDictionary.cpp, line 256]
Event: 12.933 Thread 0x0000021fa772b510 Exception <a 'java/lang/NoSuchMethodError'{0x000000008792e4a0}: 'void java.lang.invoke.DirectMethodHandle$Holder.invokeVirtual(java.lang.Object, java.lang.Object, int)'> (0x000000008792e4a0) 
thrown [t:\workspace\open\src\hotspot\share\interpreter\linkResolver.cpp, line 766]
Event: 12.936 Thread 0x0000021fa772b510 Exception <a 'java/lang/NoSuchMethodError'{0x0000000087948e00}: 'void java.lang.invoke.DirectMethodHandle$Holder.invokeVirtual(java.lang.Object, java.lang.Object, long)'> (0x0000000087948e00) 
thrown [t:\workspace\open\src\hotspot\share\interpreter\linkResolver.cpp, line 766]
Event: 13.091 Thread 0x0000021fa772b510 Exception <a 'java/lang/IncompatibleClassChangeError'{0x0000000086afc950}: Found class java.lang.Object, but interface was expected> (0x0000000086afc950) 
thrown [t:\workspace\open\src\hotspot\share\interpreter\linkResolver.cpp, line 833]
Event: 13.143 Thread 0x0000021fa772b510 Exception <a 'java/lang/NoSuchMethodError'{0x000000008686e0b0}: 'int java.lang.invoke.DirectMethodHandle$Holder.invokeStaticInit(java.lang.Object, java.lang.Object, java.lang.Object, java.lang.Object)'> (0x000000008686e0b0) 
thrown [t:\workspace\open\src\hotspot\share\interpreter\linkResolver.cpp, line 766]
Event: 13.188 Thread 0x0000021fa772b510 Implicit null exception at 0x0000021f9809083a to 0x0000021f98090a30
Event: 13.299 Thread 0x0000021fa772b510 Exception <a 'java/lang/NoSuchMethodError'{0x0000000086347768}: 'java.lang.Object java.lang.invoke.DirectMethodHandle$Holder.invokeSpecial(java.lang.Object, java.lang.Object, int, java.lang.Object, int, java.lang.Object)'> (0x0000000086347768) 
thrown [t:\workspace\open\src\hotspot\share\interpreter\linkResolver.cpp, line 766]
Event: 13.299 Thread 0x0000021fa772b510 Exception <a 'java/lang/NoSuchMethodError'{0x000000008634f810}: 'java.lang.Object java.lang.invoke.DirectMethodHandle$Holder.newInvokeSpecial(java.lang.Object, java.lang.Object, int, java.lang.Object, int)'> (0x000000008634f810) 
thrown [t:\workspace\open\src\hotspot\share\interpreter\linkResolver.cpp, line 766]
Event: 13.300 Thread 0x0000021fa772b510 Exception <a 'java/lang/NoSuchMethodError'{0x0000000086353910}: 'java.lang.Object java.lang.invoke.DirectMethodHandle$Holder.invokeSpecial(java.lang.Object, java.lang.Object, java.lang.Object, int, java.lang.Object, int)'> (0x0000000086353910) 
thrown [t:\workspace\open\src\hotspot\share\interpreter\linkResolver.cpp, line 766]
Event: 13.301 Thread 0x0000021fa772b510 Exception <a 'java/lang/NoSuchMethodError'{0x000000008635d640}: 'void java.lang.invoke.DirectMethodHandle$Holder.invokeVirtual(java.lang.Object, java.lang.Object)'> (0x000000008635d640) 
thrown [t:\workspace\open\src\hotspot\share\interpreter\linkResolver.cpp, line 766]
Event: 86.485 Thread 0x0000021fa9c3b000 Exception <a 'java/lang/NoSuchMethodError'{0x000000008c6f1078}: 'java.lang.Object java.lang.invoke.DirectMethodHandle$Holder.invokeInterface(java.lang.Object, java.lang.Object, java.lang.Object, java.lang.Object)'> (0x000000008c6f1078) 
thrown [t:\workspace\open\src\hotspot\share\interpreter\linkResolver.cpp, line 766]
Event: 86.485 Thread 0x0000021fa9c3ab30 Exception <a 'java/lang/NoSuchMethodError'{0x000000008c536918}: 'java.lang.Object java.lang.invoke.DirectMethodHandle$Holder.invokeInterface(java.lang.Object, java.lang.Object, java.lang.Object, java.lang.Object)'> (0x000000008c536918) 
thrown [t:\workspace\open\src\hotspot\share\interpreter\linkResolver.cpp, line 766]
Event: 86.547 Thread 0x0000021fa9c3b000 Exception <a 'java/lang/NoSuchMethodError'{0x000000008c40eeb8}: 'java.lang.Object java.lang.invoke.DirectMethodHandle$Holder.invokeStaticInit(java.lang.Object, java.lang.Object, java.lang.Object, java.lang.Object, java.lang.Object, java.lang.Object)'> (0x000000008c40eeb8) 
thrown [t:\workspace\open\src\hotspot\share\interpreter\linkResolver.cpp, line 766]
Event: 86.612 Thread 0x0000021fa9c3ab30 Implicit null exception at 0x0000021f980facdb to 0x0000021f980fad50
Event: 493.519 Thread 0x0000021fab52a880 Exception <a 'java/lang/NoClassDefFoundError'{0x000000008b4dfd58}: sun/reflect/Reflection> (0x000000008b4dfd58) 
thrown [t:\workspace\open\src\hotspot\share\classfile\systemDictionary.cpp, line 245]
Event: 905.864 Thread 0x0000021fab529a10 Implicit null exception at 0x0000021f9866bb89 to 0x0000021f9866be48
Event: 905.871 Thread 0x0000021fab529ee0 Implicit null exception at 0x0000021f9866bb89 to 0x0000021f9866be48
Event: 905.875 Thread 0x0000021fab529540 Implicit null exception at 0x0000021f9866bb89 to 0x0000021f9866be48
Event: 905.884 Thread 0x0000021fab52a880 Implicit null exception at 0x0000021f9866bb89 to 0x0000021f9866be48

VM Operations (20 events):
Event: 937.742 Executing VM operation: G1CollectForAllocation
Event: 937.747 Executing VM operation: G1CollectForAllocation done
Event: 941.983 Executing VM operation: G1CollectForAllocation
Event: 941.990 Executing VM operation: G1CollectForAllocation done
Event: 945.944 Executing VM operation: G1CollectForAllocation
Event: 945.949 Executing VM operation: G1CollectForAllocation done
Event: 951.276 Executing VM operation: G1CollectForAllocation
Event: 951.281 Executing VM operation: G1CollectForAllocation done
Event: 953.289 Executing VM operation: Cleanup
Event: 953.290 Executing VM operation: Cleanup done
Event: 960.330 Executing VM operation: Cleanup
Event: 960.330 Executing VM operation: Cleanup done
Event: 961.072 Executing VM operation: G1CollectForAllocation
Event: 961.077 Executing VM operation: G1CollectForAllocation done
Event: 962.085 Executing VM operation: Cleanup
Event: 962.085 Executing VM operation: Cleanup done
Event: 963.091 Executing VM operation: Cleanup
Event: 963.091 Executing VM operation: Cleanup done
Event: 963.305 Executing VM operation: G1CollectForAllocation
Event: 963.306 Executing VM operation: G1CollectForAllocation done

Events (20 events):
Event: 920.546 Thread 0x0000021fa6346910 flushing nmethod 0x0000021f91ba7b90
Event: 920.546 Thread 0x0000021fa6346910 flushing nmethod 0x0000021f91bb3810
Event: 920.546 Thread 0x0000021fa6346910 flushing nmethod 0x0000021f91bb5810
Event: 920.546 Thread 0x0000021fa6346910 flushing nmethod 0x0000021f91bbb410
Event: 920.546 Thread 0x0000021fa6346910 flushing nmethod 0x0000021f91bbc510
Event: 920.546 Thread 0x0000021fa6346910 flushing nmethod 0x0000021f91bbf190
Event: 920.546 Thread 0x0000021fa6346910 flushing nmethod 0x0000021f91bd3e10
Event: 920.546 Thread 0x0000021fa6346910 flushing nmethod 0x0000021f91bd7d90
Event: 920.546 Thread 0x0000021fa6346910 flushing nmethod 0x0000021f91bdb110
Event: 920.546 Thread 0x0000021fa6346910 flushing nmethod 0x0000021f91bdc310
Event: 920.546 Thread 0x0000021fa6346910 flushing nmethod 0x0000021f91be1410
Event: 920.546 Thread 0x0000021fa6346910 flushing nmethod 0x0000021f91be5490
Event: 920.546 Thread 0x0000021fa6346910 flushing nmethod 0x0000021f91be7510
Event: 920.546 Thread 0x0000021fa6346910 flushing nmethod 0x0000021f91bedf10
Event: 920.546 Thread 0x0000021fa6346910 flushing nmethod 0x0000021f91bee910
Event: 925.146 Thread 0x0000021fa83d8e10 Thread added: 0x0000021fa83d8e10
Event: 926.698 Thread 0x0000021fa83d8e10 Thread exited: 0x0000021fa83d8e10
Event: 952.298 Thread 0x0000021fa730eeb0 Thread added: 0x0000021fa730eeb0
Event: 957.306 Thread 0x0000021fa730eeb0 Thread exited: 0x0000021fa730eeb0
Event: 962.172 Thread 0x0000021fa730f380 Thread added: 0x0000021fa730f380


Dynamic libraries:
0x00007ff618120000 - 0x00007ff61812e000 	C:\Users\amcmullen\.jdks\openjdk-17.0.1\bin\java.exe
0x00007ffe5a600000 - 0x00007ffe5a807000 	C:\WINDOWS\SYSTEM32\ntdll.dll
0x00007ffe59ac0000 - 0x00007ffe59b7d000 	C:\WINDOWS\System32\KERNEL32.DLL
0x00007ffe57d90000 - 0x00007ffe58104000 	C:\WINDOWS\System32\KERNELBASE.dll
0x00007ffe57c70000 - 0x00007ffe57d81000 	C:\WINDOWS\System32\ucrtbase.dll
0x00007ffe53950000 - 0x00007ffe5396a000 	C:\Users\amcmullen\.jdks\openjdk-17.0.1\bin\VCRUNTIME140.dll
0x00007ffe4fa10000 - 0x00007ffe4fa28000 	C:\Users\amcmullen\.jdks\openjdk-17.0.1\bin\jli.dll
0x00007ffe59860000 - 0x00007ffe59a0c000 	C:\WINDOWS\System32\USER32.dll
0x00007ffe58110000 - 0x00007ffe58136000 	C:\WINDOWS\System32\win32u.dll
0x00007ffe41dd0000 - 0x00007ffe42075000 	C:\WINDOWS\WinSxS\amd64_microsoft.windows.common-controls_6595b64144ccf1df_6.0.22000.120_none_9d947278b86cc467\COMCTL32.dll
0x00007ffe5a590000 - 0x00007ffe5a5b9000 	C:\WINDOWS\System32\GDI32.dll
0x00007ffe582b0000 - 0x00007ffe583c2000 	C:\WINDOWS\System32\gdi32full.dll
0x00007ffe57bd0000 - 0x00007ffe57c6d000 	C:\WINDOWS\System32\msvcp_win.dll
0x00007ffe5a2c0000 - 0x00007ffe5a363000 	C:\WINDOWS\System32\msvcrt.dll
0x00007ffe58d50000 - 0x00007ffe58d81000 	C:\WINDOWS\System32\IMM32.DLL
0x00007ffe54540000 - 0x00007ffe5454c000 	C:\Users\amcmullen\.jdks\openjdk-17.0.1\bin\vcruntime140_1.dll
0x00007ffe21d30000 - 0x00007ffe21dbd000 	C:\Users\amcmullen\.jdks\openjdk-17.0.1\bin\msvcp140.dll
0x00007ffdd87c0000 - 0x00007ffdd937e000 	C:\Users\amcmullen\.jdks\openjdk-17.0.1\bin\server\jvm.dll
0x00007ffe5a060000 - 0x00007ffe5a10c000 	C:\WINDOWS\System32\ADVAPI32.dll
0x00007ffe5a110000 - 0x00007ffe5a1ad000 	C:\WINDOWS\System32\sechost.dll
0x00007ffe592c0000 - 0x00007ffe593e1000 	C:\WINDOWS\System32\RPCRT4.dll
0x00007ffe5a510000 - 0x00007ffe5a518000 	C:\WINDOWS\System32\PSAPI.DLL
0x00007ffe542b0000 - 0x00007ffe542ba000 	C:\WINDOWS\SYSTEM32\VERSION.dll
0x00007ffe52550000 - 0x00007ffe52583000 	C:\WINDOWS\SYSTEM32\WINMM.dll
0x00007ffe432b0000 - 0x00007ffe432b9000 	C:\WINDOWS\SYSTEM32\WSOCK32.dll
0x00007ffe59e30000 - 0x00007ffe59e9f000 	C:\WINDOWS\System32\WS2_32.dll
0x00007ffe56bc0000 - 0x00007ffe56bd8000 	C:\WINDOWS\SYSTEM32\kernel.appcore.dll
0x00007ffe538e0000 - 0x00007ffe538ea000 	C:\Users\amcmullen\.jdks\openjdk-17.0.1\bin\jimage.dll
0x00007ffe54e50000 - 0x00007ffe55071000 	C:\WINDOWS\SYSTEM32\DBGHELP.DLL
0x00007ffe4a3b0000 - 0x00007ffe4a3e1000 	C:\WINDOWS\SYSTEM32\dbgcore.DLL
0x00007ffe57ae0000 - 0x00007ffe57b5f000 	C:\WINDOWS\System32\bcryptPrimitives.dll
0x00007ffe53920000 - 0x00007ffe5392e000 	C:\Users\amcmullen\.jdks\openjdk-17.0.1\bin\instrument.dll
0x00007ffe4b9e0000 - 0x00007ffe4ba05000 	C:\Users\amcmullen\.jdks\openjdk-17.0.1\bin\java.dll
0x00007ffe144f0000 - 0x00007ffe145c6000 	C:\Users\amcmullen\.jdks\openjdk-17.0.1\bin\svml.dll
0x00007ffe584a0000 - 0x00007ffe58c4e000 	C:\WINDOWS\System32\SHELL32.dll
0x00007ffe55c00000 - 0x00007ffe56467000 	C:\WINDOWS\SYSTEM32\windows.storage.dll
0x00007ffe58d90000 - 0x00007ffe59108000 	C:\WINDOWS\System32\combase.dll
0x00007ffe55a90000 - 0x00007ffe55bf6000 	C:\WINDOWS\SYSTEM32\wintypes.dll
0x00007ffe59b80000 - 0x00007ffe59c6a000 	C:\WINDOWS\System32\SHCORE.dll
0x00007ffe59f00000 - 0x00007ffe59f5d000 	C:\WINDOWS\System32\shlwapi.dll
0x00007ffe57a10000 - 0x00007ffe57a31000 	C:\WINDOWS\SYSTEM32\profapi.dll
0x00007ffe4b000000 - 0x00007ffe4b018000 	C:\Users\amcmullen\.jdks\openjdk-17.0.1\bin\zip.dll
0x00007ffe4b6d0000 - 0x00007ffe4b6e9000 	C:\Users\amcmullen\.jdks\openjdk-17.0.1\bin\net.dll
0x00007ffe52d20000 - 0x00007ffe52e2c000 	C:\WINDOWS\SYSTEM32\WINHTTP.dll
0x00007ffe56fc0000 - 0x00007ffe57027000 	C:\WINDOWS\system32\mswsock.dll
0x00007ffe4b6b0000 - 0x00007ffe4b6c5000 	C:\Users\amcmullen\.jdks\openjdk-17.0.1\bin\nio.dll
0x00007ffe4af10000 - 0x00007ffe4af2a000 	C:\IntelliJ IDEA Community Edition 2021.2.2\bin\breakgen64.dll
0x00007ffe538b0000 - 0x00007ffe538c0000 	C:\Users\amcmullen\.jdks\openjdk-17.0.1\bin\verify.dll
0x00007ffe4b740000 - 0x00007ffe4b749000 	C:\Users\amcmullen\.jdks\openjdk-17.0.1\bin\management.dll
0x00007ffe4b6a0000 - 0x00007ffe4b6ab000 	C:\Users\amcmullen\.jdks\openjdk-17.0.1\bin\management_ext.dll
0x00007ffe43290000 - 0x00007ffe432a7000 	C:\WINDOWS\system32\napinsp.dll
0x00007ffe43270000 - 0x00007ffe4328b000 	C:\WINDOWS\system32\pnrpnsp.dll
0x00007ffe566f0000 - 0x00007ffe567d7000 	C:\WINDOWS\SYSTEM32\DNSAPI.dll
0x00007ffe566c0000 - 0x00007ffe566ed000 	C:\WINDOWS\SYSTEM32\IPHLPAPI.DLL
0x00007ffe59a90000 - 0x00007ffe59a99000 	C:\WINDOWS\System32\NSI.dll
0x00007ffe43250000 - 0x00007ffe43262000 	C:\WINDOWS\System32\winrnr.dll
0x00007ffe47640000 - 0x00007ffe47655000 	C:\WINDOWS\system32\wshbth.dll
0x00007ffe46390000 - 0x00007ffe463af000 	C:\WINDOWS\system32\nlansp_c.dll
0x00007ffe4ffe0000 - 0x00007ffe4ffea000 	C:\Windows\System32\rasadhlp.dll
0x00007ffe51330000 - 0x00007ffe513b1000 	C:\WINDOWS\System32\fwpuclnt.dll
0x00007ffe57300000 - 0x00007ffe57318000 	C:\WINDOWS\SYSTEM32\CRYPTSP.dll
0x00007ffe56b20000 - 0x00007ffe56b55000 	C:\WINDOWS\system32\rsaenh.dll
0x00007ffe57060000 - 0x00007ffe57089000 	C:\WINDOWS\SYSTEM32\USERENV.dll
0x00007ffe573b0000 - 0x00007ffe573d7000 	C:\WINDOWS\SYSTEM32\bcrypt.dll
0x00007ffe571b0000 - 0x00007ffe571bc000 	C:\WINDOWS\SYSTEM32\CRYPTBASE.dll
0x00007ffe52ce0000 - 0x00007ffe52cf9000 	C:\WINDOWS\SYSTEM32\dhcpcsvc6.DLL
0x00007ffe54340000 - 0x00007ffe5435e000 	C:\WINDOWS\SYSTEM32\dhcpcsvc.DLL
0x00007ffe47670000 - 0x00007ffe4767e000 	C:\Users\amcmullen\.jdks\openjdk-17.0.1\bin\sunmscapi.dll
0x00007ffe58140000 - 0x00007ffe582a2000 	C:\WINDOWS\System32\CRYPT32.dll
0x00007ffe572c0000 - 0x00007ffe572e8000 	C:\WINDOWS\SYSTEM32\ncrypt.dll
0x00007ffe57280000 - 0x00007ffe572b7000 	C:\WINDOWS\SYSTEM32\NTASN1.dll
0x00007ffe3f610000 - 0x00007ffe3f618000 	C:\WINDOWS\system32\wshunix.dll

dbghelp: loaded successfully - version: 4.0.5 - missing functions: none
symbol engine: initialized successfully - sym options: 0x614 - pdb path: .;C:\Users\amcmullen\.jdks\openjdk-17.0.1\bin;C:\WINDOWS\SYSTEM32;C:\WINDOWS\WinSxS\amd64_microsoft.windows.common-controls_6595b64144ccf1df_6.0.22000.120_none_9d947278b86cc467;C:\Users\amcmullen\.jdks\openjdk-17.0.1\bin\server;C:\IntelliJ IDEA Community Edition 2021.2.2\bin

VM Arguments:
jvm_args: -javaagent:C:\IntelliJ IDEA Community Edition 2021.2.2\lib\idea_rt.jar=63950:C:\IntelliJ IDEA Community Edition 2021.2.2\bin -Dfile.encoding=UTF-8 
java_command: com.Promise.all.BCS.Application
java_class_path (initial): C:\Users\amcmullen\IdeaProjects\Promise.all.BCS\target\classes;C:\Users\amcmullen\.m2\repository\org\springframework\boot\spring-boot-starter-data-jpa\2.6.2\spring-boot-starter-data-jpa-2.6.2.jar;C:\Users\amcmullen\.m2\repository\org\springframework\boot\spring-boot-starter-aop\2.6.2\spring-boot-starter-aop-2.6.2.jar;C:\Users\amcmullen\.m2\repository\org\springframework\spring-aop\5.3.14\spring-aop-5.3.14.jar;C:\Users\amcmullen\.m2\repository\org\aspectj\aspectjweaver\1.9.7\aspectjweaver-1.9.7.jar;C:\Users\amcmullen\.m2\repository\org\springframework\boot\spring-boot-starter-jdbc\2.6.2\spring-boot-starter-jdbc-2.6.2.jar;C:\Users\amcmullen\.m2\repository\com\zaxxer\HikariCP\4.0.3\HikariCP-4.0.3.jar;C:\Users\amcmullen\.m2\repository\org\springframework\spring-jdbc\5.3.14\spring-jdbc-5.3.14.jar;C:\Users\amcmullen\.m2\repository\jakarta\transaction\jakarta.transaction-api\1.3.3\jakarta.transaction-api-1.3.3.jar;C:\Users\amcmullen\.m2\repository\jakarta\persistence\jakarta.persistence-api\2.2.3\jakarta.persistence-api-2.2.3.jar;C:\Users\amcmullen\.m2\repository\org\hibernate\hibernate-core\5.6.3.Final\hibernate-core-5.6.3.Final.jar;C:\Users\amcmullen\.m2\repository\org\jboss\logging\jboss-logging\3.4.2.Final\jboss-logging-3.4.2.Final.jar;C:\Users\amcmullen\.m2\repository\net\bytebuddy\byte-buddy\1.11.22\byte-buddy-1.11.22.jar;C:\Users\amcmullen\.m2\repository\antlr\antlr\2.7.7\antlr-2.7.7.jar;C:\Users\amcmullen\.m2\repository\org\jboss\jandex\2.2.3.Final\jandex-2.2.3.Final.jar;C:\Users\amcmullen\.m2\repository\com\fasterxml\classmate\1.5.1\classmate-1.5.1.jar;C:\Users\amcmullen\.m2\repository\org\hibernate\common\hibernate-commons-annotations\5.1.2.Final\hibernate-commons-annotations-5.1.2.Final.jar;C:\Users\amcmullen\.m2\repository\org\glassfish\jaxb\jaxb-runtime\2.3.5\jaxb-runtime-2.3.5.jar;C:\Users\amcmullen\.m2\repository\org\glassfish\jaxb\txw2\2.3.5\txw2-2.3.5.jar;C:\Users\amcmullen\.m2\repository\com\sun\istack\istack-commons-runtime\3
Launcher Type: SUN_STANDARD

[Global flags]
     intx CICompilerCount                          = 3                                         {product} {ergonomic}
     uint ConcGCThreads                            = 1                                         {product} {ergonomic}
     uint G1ConcRefinementThreads                  = 4                                         {product} {ergonomic}
   size_t G1HeapRegionSize                         = 1048576                                   {product} {ergonomic}
    uintx GCDrainStackTargetSize                   = 64                                        {product} {ergonomic}
   size_t InitialHeapSize                          = 132120576                                 {product} {ergonomic}
   size_t MarkStackSize                            = 4194304                                   {product} {ergonomic}
   size_t MaxHeapSize                              = 2086666240                                {product} {ergonomic}
   size_t MaxNewSize                               = 1251999744                                {product} {ergonomic}
   size_t MinHeapDeltaBytes                        = 1048576                                   {product} {ergonomic}
   size_t MinHeapSize                              = 8388608                                   {product} {ergonomic}
    uintx NonNMethodCodeHeapSize                   = 5832780                                {pd product} {ergonomic}
    uintx NonProfiledCodeHeapSize                  = 122912730                              {pd product} {ergonomic}
    uintx ProfiledCodeHeapSize                     = 122912730                              {pd product} {ergonomic}
    uintx ReservedCodeCacheSize                    = 251658240                              {pd product} {ergonomic}
     bool SegmentedCodeCache                       = true                                      {product} {ergonomic}
   size_t SoftMaxHeapSize                          = 2086666240                             {manageable} {ergonomic}
     bool UseCompressedClassPointers               = true                           {product lp64_product} {ergonomic}
     bool UseCompressedOops                        = true                           {product lp64_product} {ergonomic}
     bool UseG1GC                                  = true                                      {product} {ergonomic}
     bool UseLargePagesIndividualAllocation        = false                                  {pd product} {ergonomic}

Logging:
Log output configuration:
 #0: stdout all=warning uptime,level,tags
 #1: stderr all=off uptime,level,tags

Environment Variables:
PATH=C:\Program Files\Common Files\Oracle\Java\javapath;C:\WINDOWS\system32;C:\WINDOWS;C:\WINDOWS\System32\Wbem;C:\WINDOWS\System32\WindowsPowerShell\v1.0\;C:\WINDOWS\System32\OpenSSH\;C:\Program Files\Docker\Docker\resources\bin;C:\ProgramData\DockerDesktop\version-bin;C:\Git\cmd;C:\;C:\Program Files\MySQL\MySQL Shell 8.0\bin\;C:\Users\amcmullen\AppData\Local\Microsoft\WindowsApps;;C:\Users\amcmullen\AppData\Local\Programs\Microsoft VS Code\bin;C:\Users\amcmullen\AppData\Roaming\npm
USERNAME=amcmullen
OS=Windows_NT
PROCESSOR_IDENTIFIER=Intel64 Family 6 Model 126 Stepping 5, GenuineIntel



---------------  S Y S T E M  ---------------

OS:
 Windows 10 , 64 bit Build 22000 (10.0.22000.318)
OS uptime: 0 days 5:40 hours
Hyper-V role detected

CPU: total 4 (initial active 4) (2 cores per cpu, 2 threads per core) family 6 model 126 stepping 5 microcode 0xa6, cx8, cmov, fxsr, ht, mmx, 3dnowpref, sse, sse2, sse3, ssse3, sse4.1, sse4.2, popcnt, lzcnt, tsc, tscinvbit, avx, avx2, aes, erms, clmul, bmi1, bmi2, adx, avx512f, avx512dq, avx512cd, avx512bw, avx512vl, sha, fma, vzeroupper, avx512_vpopcntdq, avx512_vpclmulqdq, avx512_vaes, avx512_vnni, clflush, clflushopt, avx512_vbmi2, avx512_vbmi, hv

Memory: 4k page, system-wide physical 7959M (434M free)
TotalPageFile size 32535M (AvailPageFile size 0M)
current process WorkingSet (physical memory assigned to process): 329M, peak: 333M
current process commit charge ("private bytes"): 364M, peak: 369M

vm_info: OpenJDK 64-Bit Server VM (17.0.1+12-39) for windows-amd64 JRE (17.0.1+12-39), built on Sep 27 2021 18:39:29 by "mach5one" with MS VC++ 16.8 (VS2019)

END.
